<?xml version="1.0" encoding="UTF-8"?>
<!-- Generated by org.testng.reporters.JUnitReportReporter -->
<testsuite skipped="1" hostname="SYNBLRDT647XZ90" name="Test.testNGAnnotations" tests="2" failures="0" timestamp="09 Jan 2019 09:28:52 GMT" time="0.008" errors="0">
  <testcase name="sampleTest1" time="0.008" classname="Test.testNGAnnotations"/>
  <testcase name="sampleTest2" classname="Test.testNGAnnotations">
    <skipped/>
  </testcase> <!-- sampleTest2 -->
</testsuite> <!-- Test.testNGAnnotations -->
