<?xml version="1.0" encoding="UTF-8"?>
<!-- Generated by org.testng.reporters.JUnitReportReporter -->
<testsuite skipped="0" hostname="SYNBLRDT647XZ90" name="Test.GoogleSearch" tests="1" failures="0" timestamp="11 Jan 2019 11:36:32 GMT" time="6.754" errors="0">
  <testcase name="testCaseEnabling" time="6.754" classname="Test.GoogleSearch"/>
</testsuite> <!-- Test.GoogleSearch -->
