<?xml version="1.0" encoding="UTF-8"?>
<!-- Generated by org.testng.reporters.JUnitReportReporter -->
<testsuite skipped="1" hostname="SYNBLRDT647XZ90" name="Test.SkipExample" tests="1" failures="0" timestamp="09 Jan 2019 10:21:04 GMT" time="0.008" errors="0">
  <testcase name="testCaseConditionalSkipException" time="0.008" classname="Test.SkipExample">
    <skipped/>
  </testcase> <!-- testCaseConditionalSkipException -->
</testsuite> <!-- Test.SkipExample -->
